Arguments: 
  /usr/local/Cellar/node/9.11.1/bin/node /usr/local/Cellar/yarn/1.6.0/libexec/bin/yarn.js

PATH: 
  /Library/Frameworks/Python.framework/Versions/3.6/bin:/Library/Frameworks/Python.framework/Versions/3.5/bin:/usr/local/bin:/usr/bin:/bin:/usr/sbin:/sbin:/Users/thd/work/go-workspace/bin:/usr/local/opt/go/libexec/bin

Yarn version: 
  1.6.0

Node version: 
  9.11.1

Platform: 
  darwin x64

Trace: 
  Error: https://registry.yarnpkg.com/aws-sam-local: ETIMEDOUT
      at Timeout._onTimeout (/usr/local/Cellar/yarn/1.6.0/libexec/lib/cli.js:133819:19)
      at ontimeout (timers.js:466:11)
      at tryOnTimeout (timers.js:304:5)
      at Timer.listOnTimeout (timers.js:267:5)

npm manifest: 
  {
    "name": "expenses-api",
    "version": "0.0.1",
    "description": "Expense Input API",
    "repository": {
      "type": "git",
      "url": ""
    },
    "scripts": {
      "start": "./scripts/start",
      "deploy": "./scripts/deploy",
      "lint": "eslint *.js src/* test/*",
      "test": "yarn lint && nyc mocha",
      "cover": "nyc --reporter=lcov npm test",
      "install": "find ./node_modules/* -mtime +10950 -exec touch {} \\;",
      "tail": "awslogs get /aws/lambda/expenses-api ALL --watch --aws-region=us-east-1"
    },
    "dependencies": {
      "aws-sam-local": "0.2.4",
      "aws-sdk": "^2.125.0",
      "aws-serverless-express": "^3.0.2",
      "bluebird": "^3.5.0",
      "body-parser": "^1.18.2",
      "cors": "^2.8.4",
      "dotenv": "^4.0.0",
      "dynamodb-data-types": "^3.0.0",
      "express": "^4.15.4",
      "global": "^4.3.2",
      "jsonwebtoken": "^8.0.1",
      "lodash": "^4.17.4",
      "moment": "^2.18.1",
      "request-promise": "^4.2.2",
      "standard": "^10.0.3",
      "winston": "^2.3.1"
    },
    "devDependencies": {
      "coveralls": "^2.13.1",
      "eslint": "^4.7.2",
      "eslint-config-airbnb": "^15.1.0",
      "eslint-plugin-import": "^2.7.0",
      "eslint-plugin-jsx-a11y": "^5.1.1",
      "eslint-plugin-react": "^7.3.0",
      "mocha": "^3.5.3",
      "mocha-lcov-reporter": "^1.3.0",
      "nyc": "^11.2.1",
      "request": "^2.34",
      "request-promise-core": "^1.1.1"
    }
  }

yarn manifest: 
  No manifest

Lockfile: 
  No lockfile
